<?xml version="1.0" encoding="UTF-8" standalone="yes" ?>
<test-results name="C:\Desenvolvimento\GitHub\Delphi\Delphi_Testes_Unitarios_DUnitX\Win32\Debug\Testes.exe" total="1" errors="0" failures="1" ignored="0" inconclusive="0" not-run="0" skipped="0" invalid="0" date="2023-12-31" time="0.006">
  <culture-info current-culture="en" current-uiculture="en" />
  <test-suite type="Assembly" name="Testes.exe" executed="true" result="Failure" success="False" time="0.006" asserts="0">
    <results>
        <test-suite type="Namespace" name="U_Testes" executed="true" result="Failure" success="False" time="0.006" asserts="0" >
          <results>
              <test-suite type="Fixture" name="TMyTestObject" executed="True" result="Failure" success="False" time="0.006" >
                <results>
                  <test-case name="TestCalculaAreaTriangulo" executed="True" result="Failure" success="False" time="0.005" asserts="0" >
                    <failure>
                      <message>
                        <![CDATA[ Condition is False when True expected. [Altura não inicializada] ]]>
                      </message>
                      <stack-trace>
                        <![CDATA[  ]]>
                      </stack-trace>
                    </failure>
                  </test-case>
                </results>
              </test-suite>
          </results>
        </test-suite>
    </results>
  </test-suite>
</test-results>
